<?xml version="1.0" encoding="UTF-8"?>
<!-- Generated by org.testng.reporters.JUnitReportReporter -->
<testsuite hostname="DESKTOP-1SLIKOS" failures="0" tests="1" name="testNG.ParameterizationExample" time="0.044" errors="0" timestamp="2022-10-22T23:45:05 IST" skipped="0">
  <testcase classname="testNG.ParameterizationExample" name="printname" time="0.044"/>
  <system-out/>
</testsuite> <!-- testNG.ParameterizationExample -->
