<?xml version="1.0" encoding="UTF-8"?>
<!-- Generated by org.testng.reporters.JUnitReportReporter -->
<testsuite hostname="DESKTOP-1SLIKOS" failures="0" tests="1" name="testNG.Example" time="47.658" errors="0" timestamp="2022-10-28T17:45:28 IST" skipped="0">
  <testcase classname="testNG.Example" name="negative" time="47.658"/>
  <system-out/>
</testsuite> <!-- testNG.Example -->
