<?xml version="1.0" encoding="UTF-8"?>
<!-- Generated by org.testng.reporters.JUnitReportReporter -->
<testsuite hostname="DESKTOP-1SLIKOS" failures="0" tests="6" name="testNG.SkipTestCaseExample" time="0.063" errors="0" timestamp="2022-11-04T20:21:05 IST" skipped="1">
  <testcase classname="testNG.SkipTestCaseExample" name="StartTheCar" time="0.042"/>
  <system-out/>
  <testcase classname="testNG.SkipTestCaseExample" name="PutFirstGear" time="0.004"/>
  <system-out/>
  <testcase classname="testNG.SkipTestCaseExample" name="PutSeondGear" time="0.006"/>
  <system-out/>
  <testcase classname="testNG.SkipTestCaseExample" name="PutThirdGear" time="0.006"/>
  <system-out/>
  <testcase classname="testNG.SkipTestCaseExample" name="PutFourthGear" time="0.005"/>
  <system-out/>
  <testcase classname="testNG.SkipTestCaseExample" name="MusicON">
    <skipped/>
  </testcase> <!-- MusicON -->
  <system-out/>
</testsuite> <!-- testNG.SkipTestCaseExample -->
