<?xml version="1.0" encoding="UTF-8"?>
<!-- Generated by org.testng.reporters.JUnitReportReporter -->
<testsuite hostname="DESKTOP-1SLIKOS" failures="0" tests="4" name="testNG.TestNGTestCase" time="0.057" errors="0" timestamp="2022-10-13T17:41:45 IST" skipped="0">
  <testcase classname="testNG.TestNGTestCase" name="FourthTestCase" time="0.004"/>
  <system-out/>
  <testcase classname="testNG.TestNGTestCase" name="ThirdTestCase" time="0.004"/>
  <system-out/>
  <testcase classname="testNG.TestNGTestCase" name="SecondTestCase" time="0.006"/>
  <system-out/>
  <testcase classname="testNG.TestNGTestCase" name="FirstTestCase" time="0.043"/>
  <system-out/>
</testsuite> <!-- testNG.TestNGTestCase -->
