<?xml version="1.0" encoding="UTF-8"?>
<!-- Generated by org.testng.reporters.JUnitReportReporter -->
<testsuite hostname="DESKTOP-1SLIKOS" failures="0" tests="3" name="testNG.BeforeSuite" time="22.938" errors="0" timestamp="2022-10-13T16:00:08 IST" skipped="0">
  <testcase classname="testNG.BeforeSuite" name="OpenGoogle" time="12.409"/>
  <system-out/>
  <testcase classname="testNG.BeforeSuite" name="OpenBing" time="4.735"/>
  <system-out/>
  <testcase classname="testNG.BeforeSuite" name="OpenYahoo" time="5.794"/>
  <system-out/>
</testsuite> <!-- testNG.BeforeSuite -->
