<?xml version="1.0" encoding="UTF-8"?>
<!-- Generated by org.testng.reporters.JUnitReportReporter -->
<testsuite hostname="DESKTOP-1SLIKOS" failures="0" tests="5" name="testNG.DriveACar" time="0.075" errors="0" timestamp="2022-10-12T18:27:20 IST" skipped="0">
  <testcase classname="testNG.DriveACar" name="PutSeondGear" time="0.045"/>
  <system-out/>
  <testcase classname="testNG.DriveACar" name="PutThirdGear" time="0.007"/>
  <system-out/>
  <testcase classname="testNG.DriveACar" name="StartTheCar" time="0.006"/>
  <system-out/>
  <testcase classname="testNG.DriveACar" name="PutFirstGear" time="0.009"/>
  <system-out/>
  <testcase classname="testNG.DriveACar" name="PutFourthGear" time="0.008"/>
  <system-out/>
</testsuite> <!-- testNG.DriveACar -->
