<?xml version="1.0" encoding="UTF-8"?>
<!-- Generated by org.testng.reporters.JUnitReportReporter -->
<testsuite hostname="DESKTOP-1SLIKOS" failures="0" tests="4" name="testNG.SampleTestCase" time="0.168" errors="0" timestamp="2022-10-12T17:01:03 IST" skipped="0">
  <testcase classname="testNG.SampleTestCase" name="SecondTestCase" time="0.042"/>
  <system-out/>
  <testcase classname="testNG.SampleTestCase" name="FourthTestCase" time="0.015"/>
  <system-out/>
  <testcase classname="testNG.SampleTestCase" name="FirstTestCase" time="0.094"/>
  <system-out/>
  <testcase classname="testNG.SampleTestCase" name="ThirdTestCase" time="0.017"/>
  <system-out/>
</testsuite> <!-- testNG.SampleTestCase -->
