<?xml version="1.0" encoding="UTF-8"?>
<!-- Generated by org.testng.reporters.JUnitReportReporter -->
<testsuite hostname="DESKTOP-1SLIKOS" failures="0" tests="1" name="testNG.NewTest" time="0.028" errors="0" timestamp="2022-10-20T17:01:39 IST" skipped="0">
  <testcase classname="testNG.NewTest" name="f" time="0.028"/>
  <system-out/>
</testsuite> <!-- testNG.NewTest -->
