<?xml version="1.0" encoding="UTF-8"?>
<!-- Generated by org.testng.reporters.JUnitReportReporter -->
<testsuite hostname="DESKTOP-1SLIKOS" failures="0" tests="3" name="testNG.AnnotationsHierarchyExample" time="0.084" errors="0" timestamp="2022-10-20T17:02:25 IST" skipped="0">
  <testcase classname="testNG.AnnotationsHierarchyExample" name="test3" time="0.026"/>
  <system-out/>
  <testcase classname="testNG.AnnotationsHierarchyExample" name="test2" time="0.009"/>
  <system-out/>
  <testcase classname="testNG.AnnotationsHierarchyExample" name="f" time="0.049"/>
  <system-out/>
</testsuite> <!-- testNG.AnnotationsHierarchyExample -->
