<?xml version="1.0" encoding="UTF-8"?>
<!-- Generated by org.testng.reporters.JUnitReportReporter -->
<testsuite hostname="DESKTOP-1SLIKOS" failures="0" tests="3" name="testNG.Dependancies" time="0.053" errors="0" timestamp="2022-10-13T13:51:14 IST" skipped="1">
  <testcase classname="testNG.Dependancies" name="HighSchool" time="0.049"/>
  <system-out/>
  <testcase classname="testNG.Dependancies" name="HigherSecondary" time="0.004"/>
  <system-out/>
  <testcase classname="testNG.Dependancies" name="College">
    <skipped/>
  </testcase> <!-- College -->
  <system-out/>
</testsuite> <!-- testNG.Dependancies -->
