<?xml version="1.0" encoding="UTF-8"?>
<!-- Generated by org.testng.reporters.JUnitReportReporter -->
<testsuite hostname="DESKTOP-1SLIKOS" failures="0" tests="4" name="testNG.TestNGTestCaseExample" time="0.135" errors="0" timestamp="2022-11-06T13:04:24 IST" skipped="0">
  <testcase classname="testNG.TestNGTestCaseExample" name="FourthTestCase" time="0.004"/>
  <system-out/>
  <testcase classname="testNG.TestNGTestCaseExample" name="ThirdTestCase" time="0.004"/>
  <system-out/>
  <testcase classname="testNG.TestNGTestCaseExample" name="FirstTestCase" time="0.124"/>
  <system-out/>
  <testcase classname="testNG.TestNGTestCaseExample" name="SecondTestCase" time="0.003"/>
  <system-out/>
</testsuite> <!-- testNG.TestNGTestCaseExample -->
