<?xml version="1.0" encoding="UTF-8"?>
<!-- Generated by org.testng.reporters.JUnitReportReporter -->
<testsuite hostname="DESKTOP-1SLIKOS" failures="0" tests="4" name="testNG.GroupingExample" time="0.060" errors="0" timestamp="2022-10-18T17:47:44 IST" skipped="0">
  <testcase classname="testNG.GroupingExample" name="Apple2" time="0.006"/>
  <system-out/>
  <testcase classname="testNG.GroupingExample" name="Lenovo1" time="0.004"/>
  <system-out/>
  <testcase classname="testNG.GroupingExample" name="Lenovo2" time="0.004"/>
  <system-out/>
  <testcase classname="testNG.GroupingExample" name="Apple1" time="0.046"/>
  <system-out/>
</testsuite> <!-- testNG.GroupingExample -->
