<?xml version="1.0" encoding="UTF-8"?>
<!-- Generated by org.testng.reporters.JUnitReportReporter -->
<testsuite hostname="DESKTOP-1SLIKOS" failures="0" tests="1" name="testNG.AssertionsExample" time="0.045" errors="0" timestamp="2022-10-20T17:27:53 IST" skipped="0">
  <testcase classname="testNG.AssertionsExample" name="nameEqual" time="0.045"/>
  <system-out/>
</testsuite> <!-- testNG.AssertionsExample -->
