<?xml version="1.0" encoding="UTF-8"?>
<!-- Generated by org.testng.reporters.JUnitReportReporter -->
<testsuite hostname="DESKTOP-1SLIKOS" failures="0" tests="5" name="testNG.Priority" time="0.037" errors="0" timestamp="2022-10-13T17:41:45 IST" skipped="0">
  <testcase classname="testNG.Priority" name="StartTheCar" time="0.007"/>
  <system-out/>
  <testcase classname="testNG.Priority" name="PutFirstGear" time="0.004"/>
  <system-out/>
  <testcase classname="testNG.Priority" name="PutSeondGear" time="0.005"/>
  <system-out/>
  <testcase classname="testNG.Priority" name="PutThirdGear" time="0.007"/>
  <system-out/>
  <testcase classname="testNG.Priority" name="PutFourthGear" time="0.014"/>
  <system-out/>
</testsuite> <!-- testNG.Priority -->
