<?xml version="1.0" encoding="UTF-8"?>
<!-- Generated by org.testng.reporters.JUnitReportReporter -->
<testsuite hostname="DESKTOP-1SLIKOS" failures="0" tests="3" name="testNG.ParallelTestingExample" time="65.520" errors="0" timestamp="2022-10-20T16:56:23 IST" skipped="0">
  <testcase classname="testNG.ParallelTestingExample" name="OpenGoogle" time="21.913"/>
  <system-out/>
  <testcase classname="testNG.ParallelTestingExample" name="OpenYahoo" time="22.095"/>
  <system-out/>
  <testcase classname="testNG.ParallelTestingExample" name="OpenBing" time="21.512"/>
  <system-out/>
</testsuite> <!-- testNG.ParallelTestingExample -->
