<?xml version="1.0" encoding="UTF-8"?>
<!-- Generated by org.testng.reporters.JUnitReportReporter -->
<testsuite hostname="DESKTOP-1SLIKOS" failures="0" tests="6" name="testNG.SkipTestCase" time="0.024" errors="0" timestamp="2022-10-13T17:41:45 IST" skipped="1">
  <testcase classname="testNG.SkipTestCase" name="StartTheCar" time="0.005"/>
  <system-out/>
  <testcase classname="testNG.SkipTestCase" name="PutFirstGear" time="0.003"/>
  <system-out/>
  <testcase classname="testNG.SkipTestCase" name="PutSeondGear" time="0.007"/>
  <system-out/>
  <testcase classname="testNG.SkipTestCase" name="PutThirdGear" time="0.004"/>
  <system-out/>
  <testcase classname="testNG.SkipTestCase" name="PutFourthGear" time="0.005"/>
  <system-out/>
  <testcase classname="testNG.SkipTestCase" name="MusicON">
    <skipped/>
  </testcase> <!-- MusicON -->
  <system-out/>
</testsuite> <!-- testNG.SkipTestCase -->
