<?xml version="1.0" encoding="UTF-8"?>
<!-- Generated by org.testng.reporters.JUnitReportReporter -->
<testsuite hostname="DESKTOP-1SLIKOS" failures="0" tests="5" name="testNG.PriorityExample" time="0.096" errors="0" timestamp="2022-10-22T23:46:57 IST" skipped="0">
  <testcase classname="testNG.PriorityExample" name="StartTheCar" time="0.015"/>
  <system-out/>
  <testcase classname="testNG.PriorityExample" name="PutFirstGear" time="0.031"/>
  <system-out/>
  <testcase classname="testNG.PriorityExample" name="PutSeondGear" time="0.020"/>
  <system-out/>
  <testcase classname="testNG.PriorityExample" name="PutThirdGear" time="0.007"/>
  <system-out/>
  <testcase classname="testNG.PriorityExample" name="PutFourthGear" time="0.023"/>
  <system-out/>
</testsuite> <!-- testNG.PriorityExample -->
