<?xml version="1.0" encoding="UTF-8"?>
<!-- Generated by org.testng.reporters.JUnitReportReporter -->
<testsuite hostname="DESKTOP-1SLIKOS" failures="0" tests="3" name="testNG.BeforeSuiteExample" time="13.197" errors="0" timestamp="2022-10-20T16:56:22 IST" skipped="0">
  <testcase classname="testNG.BeforeSuiteExample" name="OpenYahoo" time="6.442"/>
  <system-out/>
  <testcase classname="testNG.BeforeSuiteExample" name="OpenGoogle" time="5.268"/>
  <system-out/>
  <testcase classname="testNG.BeforeSuiteExample" name="OpenBing" time="1.487"/>
  <system-out/>
</testsuite> <!-- testNG.BeforeSuiteExample -->
